Flutter crash report; please file at https://github.com/flutter/flutter/issues.

## command

flutter packages get

## exception

YamlException: Error on line 46, column 3: Duplicate mapping key.
   ╷
46 │   path_provider: "0.4.1"
   │   ^^^^^^^^^^^^^
   ╵

```
#0      Loader._loadMapping (package:yaml/src/loader.dart:167:9)
#1      Loader._loadNode (package:yaml/src/loader.dart:86:16)
#2      Loader._loadMapping (package:yaml/src/loader.dart:165:19)
#3      Loader._loadNode (package:yaml/src/loader.dart:86:16)
#4      Loader._loadDocument (package:yaml/src/loader.dart:62:20)
#5      Loader.load (package:yaml/src/loader.dart:54:20)
#6      loadYamlDocument (package:yaml/yaml.dart:51:25)
#7      loadYamlNode (package:yaml/yaml.dart:42:5)
#8      loadYaml (package:yaml/yaml.dart:34:5)
#9      FlutterManifest.createFromString (package:flutter_tools/src/flutter_manifest.dart:38:28)
#10     FlutterManifest.createFromPath (package:flutter_tools/src/flutter_manifest.dart:32:12)
#11     FlutterProject._readManifest (package:flutter_tools/src/project.dart:167:54)
#12     FlutterProject.fromDirectory (package:flutter_tools/src/project.dart:45:38)
#13     FlutterProject.fromPath (package:flutter_tools/src/project.dart:60:50)
#14     PackagesGetCommand.usageValues (package:flutter_tools/src/commands/packages.dart:80:55)
<asynchronous suspension>
#15     FlutterCommand.verifyThenRunCommand (package:flutter_tools/src/runner/flutter_command.dart:484:63)
<asynchronous suspension>
#16     FlutterCommand.run.<anonymous closure> (package:flutter_tools/src/runner/flutter_command.dart:424:33)
<asynchronous suspension>
#17     AppContext.run.<anonymous closure> (package:flutter_tools/src/base/context.dart:153:29)
<asynchronous suspension>
#18     _rootRun (dart:async/zone.dart:1124:13)
#19     _CustomZone.run (dart:async/zone.dart:1021:19)
#20     _runZoned (dart:async/zone.dart:1516:10)
#21     runZoned (dart:async/zone.dart:1463:12)
#22     AppContext.run (package:flutter_tools/src/base/context.dart:152:18)
<asynchronous suspension>
#23     FlutterCommand.run (package:flutter_tools/src/runner/flutter_command.dart:415:20)
#24     CommandRunner.runCommand (package:args/command_runner.dart:197:27)
<asynchronous suspension>
#25     FlutterCommandRunner.runCommand.<anonymous closure> (package:flutter_tools/src/runner/flutter_command_runner.dart:396:21)
<asynchronous suspension>
#26     AppContext.run.<anonymous closure> (package:flutter_tools/src/base/context.dart:153:29)
<asynchronous suspension>
#27     _rootRun (dart:async/zone.dart:1124:13)
#28     _CustomZone.run (dart:async/zone.dart:1021:19)
#29     _runZoned (dart:async/zone.dart:1516:10)
#30     runZoned (dart:async/zone.dart:1463:12)
#31     AppContext.run (package:flutter_tools/src/base/context.dart:152:18)
<asynchronous suspension>
#32     FlutterCommandRunner.runCommand (package:flutter_tools/src/runner/flutter_command_runner.dart:356:19)
<asynchronous suspension>
#33     CommandRunner.run.<anonymous closure> (package:args/command_runner.dart:112:25)
#34     new Future.sync (dart:async/future.dart:224:31)
#35     CommandRunner.run (package:args/command_runner.dart:112:14)
#36     FlutterCommandRunner.run (package:flutter_tools/src/runner/flutter_command_runner.dart:242:18)
#37     run.<anonymous closure> (package:flutter_tools/runner.dart:60:20)
<asynchronous suspension>
#38     AppContext.run.<anonymous closure> (package:flutter_tools/src/base/context.dart:153:29)
<asynchronous suspension>
#39     _rootRun (dart:async/zone.dart:1124:13)
#40     _CustomZone.run (dart:async/zone.dart:1021:19)
#41     _runZoned (dart:async/zone.dart:1516:10)
#42     runZoned (dart:async/zone.dart:1463:12)
#43     AppContext.run (package:flutter_tools/src/base/context.dart:152:18)
<asynchronous suspension>
#44     runInContext (package:flutter_tools/src/context_runner.dart:56:24)
<asynchronous suspension>
#45     run (package:flutter_tools/runner.dart:51:10)
#46     main (package:flutter_tools/executable.dart:62:9)
<asynchronous suspension>
#47     main (file:///Users/danielmelo/Documents/development/flutter/packages/flutter_tools/bin/flutter_tools.dart:8:3)
#48     _startIsolate.<anonymous closure> (dart:isolate-patch/isolate_patch.dart:299:32)
#49     _RawReceivePortImpl._handleMessage (dart:isolate-patch/isolate_patch.dart:172:12)
```

## flutter doctor

```
[✓] Flutter (Channel master, v1.7.4-pre.30, on Mac OS X 10.14.5 18F132, locale en-BR)
    • Flutter version 1.7.4-pre.30 at /Users/danielmelo/Documents/development/flutter
    • Framework revision 1157e67491 (3 weeks ago), 2019-06-09 15:05:55 -0400
    • Engine revision e886d7b082
    • Dart version 2.3.2 (build 2.3.2-dev.0.1 7f146e431e)

[✓] Android toolchain - develop for Android devices (Android SDK version 28.0.3)
    • Android SDK at /Users/danielmelo/Library/Android/sdk
    • Android NDK location not configured (optional; useful for native profiling support)
    • Platform android-28, build-tools 28.0.3
    • Java binary at: /Applications/Android Studio.app/Contents/jre/jdk/Contents/Home/bin/java
    • Java version OpenJDK Runtime Environment (build 1.8.0_152-release-1248-b01)
    • All Android licenses accepted.

[✓] Xcode - develop for iOS and macOS (Xcode 10.2.1)
    • Xcode at /Applications/Xcode.app/Contents/Developer
    • Xcode 10.2.1, Build version 10E1001
    • CocoaPods version 1.5.3

[✓] iOS tools - develop for iOS devices
    • ios-deploy 1.9.4

[!] Android Studio (version 3.3)
    • Android Studio at /Applications/Android Studio.app/Contents
    ✗ Flutter plugin not installed; this adds Flutter specific functionality.
    • Dart plugin version 171.4424
    • Java version OpenJDK Runtime Environment (build 1.8.0_152-release-1248-b01)

[!] Connected device
    ! No devices available

! Doctor found issues in 2 categories.
```
