Flutter crash report; please file at https://github.com/flutter/flutter/issues.

## command

flutter run

## exception

ProcessException: ProcessException: Process "/usr/bin/xcrun" exited abnormally:
An error was encountered processing the command (domain=NSMachErrorDomain, code=-308):
The operation couldn’t be completed. (Mach error -308 - (ipc/mig) server died)
  Command: /usr/bin/xcrun simctl install A7364EFB-6739-42F8-B1CF-378FBA2C2C48 /Users/danielmelo/Documents/development/praia_limpa/build/ios/iphonesimulator/Runner.app

```
#0      runCheckedAsync (package:flutter_tools/src/base/process.dart:259:7)
<asynchronous suspension>
#1      SimControl.install (package:flutter_tools/src/ios/simulators.dart:128:16)
#2      IOSSimulator._setupUpdatedApplicationBundle (package:flutter_tools/src/ios/simulators.dart:411:31)
<asynchronous suspension>
#3      IOSSimulator.startApp (package:flutter_tools/src/ios/simulators.dart:310:15)
<asynchronous suspension>
#4      FlutterDevice.runHot (package:flutter_tools/src/resident_runner.dart:371:54)
#5      _asyncThenWrapperHelper.<anonymous closure> (dart:async-patch/async_patch.dart:77:64)
#6      _rootRunUnary (dart:async/zone.dart:1132:38)
#7      _CustomZone.runUnary (dart:async/zone.dart:1029:19)
#8      _FutureListener.handleValue (dart:async/future_impl.dart:126:18)
#9      Future._propagateToListeners.handleValueCallback (dart:async/future_impl.dart:639:45)
#10     Future._propagateToListeners (dart:async/future_impl.dart:668:32)
#11     Future._complete (dart:async/future_impl.dart:473:7)
#12     _SyncCompleter.complete (dart:async/future_impl.dart:51:12)
#13     _AsyncAwaitCompleter.complete.<anonymous closure> (dart:async-patch/async_patch.dart:33:20)
#14     _rootRun (dart:async/zone.dart:1124:13)
#15     _CustomZone.run (dart:async/zone.dart:1021:19)
#16     _CustomZone.bindCallback.<anonymous closure> (dart:async/zone.dart:947:23)
#17     _microtaskLoop (dart:async/schedule_microtask.dart:41:21)
#18     _startMicrotaskLoop (dart:async/schedule_microtask.dart:50:5)
#19     _runPendingImmediateCallback (dart:isolate-patch/isolate_patch.dart:116:13)
#20     _RawReceivePortImpl._handleMessage (dart:isolate-patch/isolate_patch.dart:173:5)
```

## flutter doctor

```
[32m[✓][39m Flutter (Channel master, v1.7.4-pre.30, on Mac OS X 10.14.5 18F132, locale
    en-BR)
    [32m•[39m Flutter version 1.7.4-pre.30 at
      /Users/danielmelo/Documents/development/flutter
    [32m•[39m Framework revision 1157e67491 (3 weeks ago), 2019-06-09 15:05:55 -0400
    [32m•[39m Engine revision e886d7b082
    [32m•[39m Dart version 2.3.2 (build 2.3.2-dev.0.1 7f146e431e)

[32m[✓][39m Android toolchain - develop for Android devices (Android SDK version 28.0.3)
    [32m•[39m Android SDK at /Users/danielmelo/Library/Android/sdk
    [32m•[39m Android NDK location not configured (optional; useful for native profiling
      support)
    [32m•[39m Platform android-28, build-tools 28.0.3
    [32m•[39m Java binary at: /Applications/Android
      Studio.app/Contents/jre/jdk/Contents/Home/bin/java
    [32m•[39m Java version OpenJDK Runtime Environment (build
      1.8.0_152-release-1248-b01)
    [32m•[39m All Android licenses accepted.

[32m[✓][39m Xcode - develop for iOS and macOS (Xcode 10.2.1)
    [32m•[39m Xcode at /Applications/Xcode.app/Contents/Developer
    [32m•[39m Xcode 10.2.1, Build version 10E1001
    [32m•[39m CocoaPods version 1.5.3

[32m[✓][39m iOS tools - develop for iOS devices
    [32m•[39m ios-deploy 1.9.4

[33m[!][39m Android Studio (version 3.3)
    [32m•[39m Android Studio at /Applications/Android Studio.app/Contents
    [31m✗[39m Flutter plugin not installed; this adds Flutter specific functionality.
    [32m•[39m Dart plugin version 171.4424
    [32m•[39m Java version OpenJDK Runtime Environment (build
      1.8.0_152-release-1248-b01)

[32m[✓][39m Connected device (1 available)
    [32m•[39m iPhone Xʀ • A7364EFB-6739-42F8-B1CF-378FBA2C2C48 • ios •
      com.apple.CoreSimulator.SimRuntime.iOS-12-2 (simulator)

[33m![39m Doctor found issues in 1 category.
```
